2019-09-04 14:07:11.116 [main] ERROR o.s.b.d.LoggingFailureAnalysisReporter - 

***************************
APPLICATION FAILED TO START
***************************

Description:

Field testMapper in com.example.code.serviceImpl.RestServiceImpl required a bean of type 'com.example.code.mapper.test.TestMapper' that could not be found.

The injection point has the following annotations:
	- @org.springframework.beans.factory.annotation.Autowired(required=true)


Action:

Consider defining a bean of type 'com.example.code.mapper.test.TestMapper' in your configuration.
 
2019-09-04 14:10:35.916 [main] ERROR o.s.b.d.LoggingFailureAnalysisReporter - 

***************************
APPLICATION FAILED TO START
***************************

Description:

Field testMapper in com.example.code.serviceImpl.RestServiceImpl required a bean of type 'com.example.code.mapper.test.TestMapper' that could not be found.

The injection point has the following annotations:
	- @org.springframework.beans.factory.annotation.Autowired(required=true)


Action:

Consider defining a bean of type 'com.example.code.mapper.test.TestMapper' in your configuration.
 
2019-09-04 14:31:21.477 [main] ERROR o.s.b.d.LoggingFailureAnalysisReporter - 

***************************
APPLICATION FAILED TO START
***************************

Description:

Field testMapper in com.example.code.serviceImpl.RestServiceImpl required a bean of type 'com.example.code.mapper.test.TestMapper' that could not be found.

The injection point has the following annotations:
	- @org.springframework.beans.factory.annotation.Autowired(required=true)


Action:

Consider defining a bean of type 'com.example.code.mapper.test.TestMapper' in your configuration.
 
2019-09-04 14:32:22.807 [main] ERROR o.s.b.d.LoggingFailureAnalysisReporter - 

***************************
APPLICATION FAILED TO START
***************************

Description:

Field testMapper in com.example.code.serviceImpl.RestServiceImpl required a bean of type 'com.example.code.mapper.test.TestMapper' that could not be found.

The injection point has the following annotations:
	- @org.springframework.beans.factory.annotation.Autowired(required=true)


Action:

Consider defining a bean of type 'com.example.code.mapper.test.TestMapper' in your configuration.
 
2019-09-04 14:36:48.226 [main] ERROR o.s.b.d.LoggingFailureAnalysisReporter - 

***************************
APPLICATION FAILED TO START
***************************

Description:

Field testMapper in com.example.code.serviceImpl.RestServiceImpl required a bean of type 'com.example.code.mapper.test.TestMapper' that could not be found.

The injection point has the following annotations:
	- @org.springframework.beans.factory.annotation.Autowired(required=true)


Action:

Consider defining a bean of type 'com.example.code.mapper.test.TestMapper' in your configuration.
 
2019-09-04 14:45:24.875 [main] ERROR o.s.b.d.LoggingFailureAnalysisReporter - 

***************************
APPLICATION FAILED TO START
***************************

Description:

Field testMapper in com.example.code.serviceImpl.RestServiceImpl required a bean of type 'com.example.code.mapper.test.TestMapper' that could not be found.

The injection point has the following annotations:
	- @org.springframework.beans.factory.annotation.Autowired(required=true)


Action:

Consider defining a bean of type 'com.example.code.mapper.test.TestMapper' in your configuration.
 
2019-09-04 14:51:37.863 [main] ERROR o.s.b.d.LoggingFailureAnalysisReporter - 

***************************
APPLICATION FAILED TO START
***************************

Description:

Field testMapper in com.example.code.serviceImpl.RestServiceImpl required a bean of type 'com.example.code.mapper.test.TestMapper' that could not be found.

The injection point has the following annotations:
	- @org.springframework.beans.factory.annotation.Autowired(required=true)


Action:

Consider defining a bean of type 'com.example.code.mapper.test.TestMapper' in your configuration.
 
